0 info it worked if it ends with ok
<<<<<<< HEAD
1 verbose cli [ 'node', '/usr/local/bin/npm', 'install' ]
2 info using npm@2.7.4
3 info using node@v0.12.2
4 error install Couldn't read dependencies
5 verbose stack Error: ENOENT, open '/Users/Jon/Sites/apapi7/package.json'
5 verbose stack     at Error (native)
6 verbose cwd /Users/Jon/Sites/apapi7
7 error Darwin 14.1.1
8 error argv "node" "/usr/local/bin/npm" "install"
9 error node v0.12.2
10 error npm  v2.7.4
11 error path /Users/Jon/Sites/apapi7/package.json
12 error code ENOPACKAGEJSON
13 error errno -2
14 error package.json ENOENT, open '/Users/Jon/Sites/apapi7/package.json'
14 error package.json This is most likely not a problem with npm itself.
14 error package.json npm can't find a package.json file in your current directory.
15 verbose exit [ -2, true ]
=======
1 verbose cli [ 'c:\\Program Files\\nodejs\\node.exe',
1 verbose cli   'c:\\Program Files\\nodejs\\node_modules\\npm\\bin\\npm-cli.js',
1 verbose cli   'install' ]
2 info using npm@2.7.4
3 info using node@v0.12.2
4 error install Couldn't read dependencies
5 verbose stack Error: ENOENT, open 'c:\Users\Gal\Desktop\apapi7\package.json'
5 verbose stack     at Error (native)
6 verbose cwd c:\Users\Gal\Desktop\apapi7
7 error Windows_NT 6.1.7601
8 error argv "c:\\Program Files\\nodejs\\node.exe" "c:\\Program Files\\nodejs\\node_modules\\npm\\bin\\npm-cli.js" "install"
9 error node v0.12.2
10 error npm  v2.7.4
11 error path c:\Users\Gal\Desktop\apapi7\package.json
12 error code ENOPACKAGEJSON
13 error errno -4058
14 error package.json ENOENT, open 'c:\Users\Gal\Desktop\apapi7\package.json'
14 error package.json This is most likely not a problem with npm itself.
14 error package.json npm can't find a package.json file in your current directory.
15 verbose exit [ -4058, true ]
>>>>>>> master
